<?xml version="1.0" encoding="UTF-8"?>
<!-- Generated by org.testng.reporters.JUnitReportReporter -->
<testsuite skipped="0" hostname="DESKTOP-FV0I4VU" name="Academy.validateNavigationBar" tests="1" failures="0" timestamp="14 Apr 2020 23:22:17 GMT" time="0.372" errors="0">
  <testcase name="validateAppNavBar" time="0.372" classname="Academy.validateNavigationBar"/>
</testsuite> <!-- Academy.validateNavigationBar -->
